"2024-06-07 00:00:45,917 INFO  [main] com.project.SchoolManagmentApplication:Starting SchoolManagmentApplication using Java 17.0.9 on Dell with PID 18428 (C:\Users\adikb\IdeaProjects\school-management\target\classes started by adikb in C:\Users\adikb\IdeaProjects\school-management)
""2024-06-07 00:00:45,927 INFO  [main] com.project.SchoolManagmentApplication:No active profile set, falling back to 1 default profile: "default"
""2024-06-07 00:00:46,797 INFO  [main] org.springframework.data.repository.config.RepositoryConfigurationDelegate:Bootstrapping Spring Data JPA repositories in DEFAULT mode.
""2024-06-07 00:00:46,904 INFO  [main] org.springframework.data.repository.config.RepositoryConfigurationDelegate:Finished Spring Data repository scanning in 94 ms. Found 8 JPA repository interfaces.
""2024-06-07 00:00:47,776 INFO  [main] org.springframework.boot.web.embedded.tomcat.TomcatWebServer:Tomcat initialized with port(s): 8080 (http)
""2024-06-07 00:00:47,788 INFO  [main] org.apache.catalina.core.StandardService:Starting service [Tomcat]
""2024-06-07 00:00:47,788 INFO  [main] org.apache.catalina.core.StandardEngine:Starting Servlet engine: [Apache Tomcat/9.0.68]
""2024-06-07 00:00:47,952 INFO  [main] org.apache.catalina.core.ContainerBase.[Tomcat].[localhost].[/]:Initializing Spring embedded WebApplicationContext
""2024-06-07 00:00:47,953 INFO  [main] org.springframework.boot.web.servlet.context.ServletWebServerApplicationContext:Root WebApplicationContext: initialization completed in 1970 ms
""2024-06-07 00:00:48,252 INFO  [main] org.hibernate.jpa.internal.util.LogHelper:HHH000204: Processing PersistenceUnitInfo [name: default]
""2024-06-07 00:00:48,340 INFO  [main] org.hibernate.Version:HHH000412: Hibernate ORM core version 5.6.12.Final
""2024-06-07 00:00:48,602 INFO  [main] org.hibernate.annotations.common.Version:HCANN000001: Hibernate Commons Annotations {5.1.2.Final}
""2024-06-07 00:00:48,731 INFO  [main] com.zaxxer.hikari.HikariDataSource:HikariPool-1 - Starting...
""2024-06-07 00:00:48,941 INFO  [main] com.zaxxer.hikari.HikariDataSource:HikariPool-1 - Start completed.
""2024-06-07 00:00:48,962 INFO  [main] org.hibernate.dialect.Dialect:HHH000400: Using dialect: org.hibernate.dialect.PostgreSQL81Dialect
""2024-06-07 00:00:50,062 INFO  [main] org.hibernate.engine.transaction.jta.platform.internal.JtaPlatformInitiator:HHH000490: Using JtaPlatform implementation: [org.hibernate.engine.transaction.jta.platform.internal.NoJtaPlatform]
""2024-06-07 00:00:50,068 INFO  [main] org.springframework.orm.jpa.LocalContainerEntityManagerFactoryBean:Initialized JPA EntityManagerFactory for persistence unit 'default'
""2024-06-07 00:00:51,962 WARN  [main] org.springframework.boot.autoconfigure.orm.jpa.JpaBaseConfiguration$JpaWebConfiguration:spring.jpa.open-in-view is enabled by default. Therefore, database queries may be performed during view rendering. Explicitly configure spring.jpa.open-in-view to disable this warning
""2024-06-07 00:00:52,827 INFO  [main] org.springframework.security.web.DefaultSecurityFilterChain:Will secure any request with [org.springframework.security.web.session.DisableEncodeUrlFilter@16279a5d, org.springframework.security.web.context.request.async.WebAsyncManagerIntegrationFilter@1f7949dc, org.springframework.security.web.context.SecurityContextPersistenceFilter@67216c33, org.springframework.security.web.header.HeaderWriterFilter@31e9d94f, org.springframework.web.filter.CorsFilter@6bd8c398, org.springframework.security.web.authentication.logout.LogoutFilter@3777fc44, com.project.security.jwt.AuthTokenFilter@7b92ea9d, org.springframework.security.web.savedrequest.RequestCacheAwareFilter@c7a1db6, org.springframework.security.web.servletapi.SecurityContextHolderAwareRequestFilter@17c72ffa, org.springframework.security.web.authentication.AnonymousAuthenticationFilter@3497ecea, org.springframework.security.web.session.SessionManagementFilter@35b79b1f, org.springframework.security.web.access.ExceptionTranslationFilter@2dec57c5, org.springframework.security.web.access.intercept.FilterSecurityInterceptor@21251e43]
""2024-06-07 00:00:53,208 INFO  [main] org.springframework.boot.web.embedded.tomcat.TomcatWebServer:Tomcat started on port(s): 8080 (http) with context path ''
""2024-06-07 00:00:53,224 INFO  [main] com.project.SchoolManagmentApplication:Started SchoolManagmentApplication in 7.747 seconds (JVM running for 8.137)
""2024-06-07 00:01:08,727 INFO  [http-nio-8080-exec-1] org.apache.catalina.core.ContainerBase.[Tomcat].[localhost].[/]:Initializing Spring DispatcherServlet 'dispatcherServlet'
""2024-06-07 00:01:10,513 INFO  [http-nio-8080-exec-9] org.springdoc.api.AbstractOpenApiResource:Init duration for springdoc-openapi is: 1462 ms
""2024-06-07 00:33:37,992 INFO  [SpringApplicationShutdownHook] org.springframework.orm.jpa.LocalContainerEntityManagerFactoryBean:Closing JPA EntityManagerFactory for persistence unit 'default'
""2024-06-07 00:33:37,994 INFO  [SpringApplicationShutdownHook] com.zaxxer.hikari.HikariDataSource:HikariPool-1 - Shutdown initiated...
""2024-06-07 00:33:38,000 INFO  [SpringApplicationShutdownHook] com.zaxxer.hikari.HikariDataSource:HikariPool-1 - Shutdown completed.
""2024-06-07 21:55:25,824 INFO  [main] com.project.SchoolManagmentApplication:Starting SchoolManagmentApplication using Java 17.0.9 on Dell with PID 1364 (C:\Users\adikb\IdeaProjects\school-management\target\classes started by adikb in C:\Users\adikb\IdeaProjects\school-management)
""2024-06-07 21:55:25,828 INFO  [main] com.project.SchoolManagmentApplication:No active profile set, falling back to 1 default profile: "default"
""2024-06-07 21:55:27,961 INFO  [main] org.springframework.data.repository.config.RepositoryConfigurationDelegate:Bootstrapping Spring Data JPA repositories in DEFAULT mode.
""2024-06-07 21:55:28,069 INFO  [main] org.springframework.data.repository.config.RepositoryConfigurationDelegate:Finished Spring Data repository scanning in 99 ms. Found 8 JPA repository interfaces.
""2024-06-07 21:55:29,199 INFO  [main] org.springframework.boot.web.embedded.tomcat.TomcatWebServer:Tomcat initialized with port(s): 8080 (http)
""2024-06-07 21:55:29,230 INFO  [main] org.apache.catalina.core.StandardService:Starting service [Tomcat]
""2024-06-07 21:55:29,233 INFO  [main] org.apache.catalina.core.StandardEngine:Starting Servlet engine: [Apache Tomcat/9.0.68]
""2024-06-07 21:55:29,497 INFO  [main] org.apache.catalina.core.ContainerBase.[Tomcat].[localhost].[/]:Initializing Spring embedded WebApplicationContext
""2024-06-07 21:55:29,498 INFO  [main] org.springframework.boot.web.servlet.context.ServletWebServerApplicationContext:Root WebApplicationContext: initialization completed in 3553 ms
""2024-06-07 21:55:29,850 INFO  [main] org.hibernate.jpa.internal.util.LogHelper:HHH000204: Processing PersistenceUnitInfo [name: default]
""2024-06-07 21:55:29,986 INFO  [main] org.hibernate.Version:HHH000412: Hibernate ORM core version 5.6.12.Final
""2024-06-07 21:55:30,379 INFO  [main] org.hibernate.annotations.common.Version:HCANN000001: Hibernate Commons Annotations {5.1.2.Final}
""2024-06-07 21:55:30,550 INFO  [main] com.zaxxer.hikari.HikariDataSource:HikariPool-1 - Starting...
""2024-06-07 21:55:30,977 INFO  [main] com.zaxxer.hikari.HikariDataSource:HikariPool-1 - Start completed.
""2024-06-07 21:55:30,997 INFO  [main] org.hibernate.dialect.Dialect:HHH000400: Using dialect: org.hibernate.dialect.PostgreSQL81Dialect
""2024-06-07 21:55:32,187 INFO  [main] org.hibernate.engine.transaction.jta.platform.internal.JtaPlatformInitiator:HHH000490: Using JtaPlatform implementation: [org.hibernate.engine.transaction.jta.platform.internal.NoJtaPlatform]
""2024-06-07 21:55:32,195 INFO  [main] org.springframework.orm.jpa.LocalContainerEntityManagerFactoryBean:Initialized JPA EntityManagerFactory for persistence unit 'default'
""2024-06-07 21:55:34,328 WARN  [main] org.springframework.boot.autoconfigure.orm.jpa.JpaBaseConfiguration$JpaWebConfiguration:spring.jpa.open-in-view is enabled by default. Therefore, database queries may be performed during view rendering. Explicitly configure spring.jpa.open-in-view to disable this warning
""2024-06-07 21:55:35,387 INFO  [main] org.springframework.security.web.DefaultSecurityFilterChain:Will secure any request with [org.springframework.security.web.session.DisableEncodeUrlFilter@639bf405, org.springframework.security.web.context.request.async.WebAsyncManagerIntegrationFilter@eda7dd3, org.springframework.security.web.context.SecurityContextPersistenceFilter@31a80c88, org.springframework.security.web.header.HeaderWriterFilter@6ec77cab, org.springframework.web.filter.CorsFilter@9d7a853, org.springframework.security.web.authentication.logout.LogoutFilter@4687c184, com.project.security.jwt.AuthTokenFilter@30d5fc1b, org.springframework.security.web.savedrequest.RequestCacheAwareFilter@5a5c2889, org.springframework.security.web.servletapi.SecurityContextHolderAwareRequestFilter@498503cb, org.springframework.security.web.authentication.AnonymousAuthenticationFilter@71c69628, org.springframework.security.web.session.SessionManagementFilter@5a23b9d1, org.springframework.security.web.access.ExceptionTranslationFilter@5a8835c6, org.springframework.security.web.access.intercept.FilterSecurityInterceptor@6b60d99c]
""2024-06-07 21:55:35,893 INFO  [main] org.springframework.boot.web.embedded.tomcat.TomcatWebServer:Tomcat started on port(s): 8080 (http) with context path ''
""2024-06-07 21:55:35,908 INFO  [main] com.project.SchoolManagmentApplication:Started SchoolManagmentApplication in 10.647 seconds (JVM running for 11.29)
""2024-06-07 21:56:17,461 INFO  [http-nio-8080-exec-2] org.apache.catalina.core.ContainerBase.[Tomcat].[localhost].[/]:Initializing Spring DispatcherServlet 'dispatcherServlet'
""2024-06-07 22:01:39,641 ERROR [http-nio-8080-exec-6] com.project.security.jwt.JwtUtils:Jwt token is invalid : JWT signature does not match locally computed signature. JWT validity cannot be asserted and should not be trusted.
""2024-06-07 22:02:03,824 ERROR [http-nio-8080-exec-5] com.project.security.jwt.JwtUtils:Jwt token is invalid : JWT signature does not match locally computed signature. JWT validity cannot be asserted and should not be trusted.
""2024-06-07 22:04:20,039 ERROR [http-nio-8080-exec-9] com.project.security.jwt.JwtUtils:Jwt token is invalid : JWT signature does not match locally computed signature. JWT validity cannot be asserted and should not be trusted.
""2024-06-07 22:05:42,189 ERROR [http-nio-8080-exec-2] com.project.security.jwt.JwtUtils:Jwt token is invalid : JWT signature does not match locally computed signature. JWT validity cannot be asserted and should not be trusted.
""2024-06-07 22:07:52,200 INFO  [SpringApplicationShutdownHook] org.springframework.orm.jpa.LocalContainerEntityManagerFactoryBean:Closing JPA EntityManagerFactory for persistence unit 'default'
""2024-06-07 22:07:52,203 INFO  [SpringApplicationShutdownHook] com.zaxxer.hikari.HikariDataSource:HikariPool-1 - Shutdown initiated...
""2024-06-07 22:07:52,207 INFO  [SpringApplicationShutdownHook] com.zaxxer.hikari.HikariDataSource:HikariPool-1 - Shutdown completed.
""2024-06-07 22:07:56,897 INFO  [main] com.project.SchoolManagmentApplication:Starting SchoolManagmentApplication using Java 17.0.9 on Dell with PID 25652 (C:\Users\adikb\IdeaProjects\school-management\target\classes started by adikb in C:\Users\adikb\IdeaProjects\school-management)
""2024-06-07 22:07:56,902 INFO  [main] com.project.SchoolManagmentApplication:No active profile set, falling back to 1 default profile: "default"
""2024-06-07 22:07:57,931 INFO  [main] org.springframework.data.repository.config.RepositoryConfigurationDelegate:Bootstrapping Spring Data JPA repositories in DEFAULT mode.
""2024-06-07 22:07:58,063 INFO  [main] org.springframework.data.repository.config.RepositoryConfigurationDelegate:Finished Spring Data repository scanning in 120 ms. Found 8 JPA repository interfaces.
""2024-06-07 22:07:58,954 INFO  [main] org.springframework.boot.web.embedded.tomcat.TomcatWebServer:Tomcat initialized with port(s): 8080 (http)
""2024-06-07 22:07:58,974 INFO  [main] org.apache.catalina.core.StandardService:Starting service [Tomcat]
""2024-06-07 22:07:58,975 INFO  [main] org.apache.catalina.core.StandardEngine:Starting Servlet engine: [Apache Tomcat/9.0.68]
""2024-06-07 22:07:59,163 INFO  [main] org.apache.catalina.core.ContainerBase.[Tomcat].[localhost].[/]:Initializing Spring embedded WebApplicationContext
""2024-06-07 22:07:59,165 INFO  [main] org.springframework.boot.web.servlet.context.ServletWebServerApplicationContext:Root WebApplicationContext: initialization completed in 2198 ms
""2024-06-07 22:07:59,480 INFO  [main] org.hibernate.jpa.internal.util.LogHelper:HHH000204: Processing PersistenceUnitInfo [name: default]
""2024-06-07 22:07:59,554 INFO  [main] org.hibernate.Version:HHH000412: Hibernate ORM core version 5.6.12.Final
""2024-06-07 22:07:59,795 INFO  [main] org.hibernate.annotations.common.Version:HCANN000001: Hibernate Commons Annotations {5.1.2.Final}
""2024-06-07 22:07:59,965 INFO  [main] com.zaxxer.hikari.HikariDataSource:HikariPool-1 - Starting...
""2024-06-07 22:08:00,219 INFO  [main] com.zaxxer.hikari.HikariDataSource:HikariPool-1 - Start completed.
""2024-06-07 22:08:00,244 INFO  [main] org.hibernate.dialect.Dialect:HHH000400: Using dialect: org.hibernate.dialect.PostgreSQL81Dialect
""2024-06-07 22:08:01,504 INFO  [main] org.hibernate.engine.transaction.jta.platform.internal.JtaPlatformInitiator:HHH000490: Using JtaPlatform implementation: [org.hibernate.engine.transaction.jta.platform.internal.NoJtaPlatform]
""2024-06-07 22:08:01,510 INFO  [main] org.springframework.orm.jpa.LocalContainerEntityManagerFactoryBean:Initialized JPA EntityManagerFactory for persistence unit 'default'
""2024-06-07 22:08:03,118 WARN  [main] org.springframework.boot.autoconfigure.orm.jpa.JpaBaseConfiguration$JpaWebConfiguration:spring.jpa.open-in-view is enabled by default. Therefore, database queries may be performed during view rendering. Explicitly configure spring.jpa.open-in-view to disable this warning
""2024-06-07 22:08:04,051 INFO  [main] org.springframework.security.web.DefaultSecurityFilterChain:Will secure any request with [org.springframework.security.web.session.DisableEncodeUrlFilter@304704ae, org.springframework.security.web.context.request.async.WebAsyncManagerIntegrationFilter@2c7607e5, org.springframework.security.web.context.SecurityContextPersistenceFilter@3962b216, org.springframework.security.web.header.HeaderWriterFilter@5a8835c6, org.springframework.web.filter.CorsFilter@533a27f8, org.springframework.security.web.authentication.logout.LogoutFilter@68a97fc1, com.project.security.jwt.AuthTokenFilter@147ad4bb, org.springframework.security.web.savedrequest.RequestCacheAwareFilter@31a80c88, org.springframework.security.web.servletapi.SecurityContextHolderAwareRequestFilter@d7c4fcb, org.springframework.security.web.authentication.AnonymousAuthenticationFilter@7dd847a2, org.springframework.security.web.session.SessionManagementFilter@2dd4a7a9, org.springframework.security.web.access.ExceptionTranslationFilter@35b79b1f, org.springframework.security.web.access.intercept.FilterSecurityInterceptor@4b2af0eb]
""2024-06-07 22:08:04,657 INFO  [main] org.springframework.boot.web.embedded.tomcat.TomcatWebServer:Tomcat started on port(s): 8080 (http) with context path ''
""2024-06-07 22:08:04,675 INFO  [main] com.project.SchoolManagmentApplication:Started SchoolManagmentApplication in 8.265 seconds (JVM running for 8.66)
""2024-06-07 22:08:10,093 INFO  [http-nio-8080-exec-2] org.apache.catalina.core.ContainerBase.[Tomcat].[localhost].[/]:Initializing Spring DispatcherServlet 'dispatcherServlet'
""2024-06-07 22:08:10,165 ERROR [http-nio-8080-exec-2] com.project.security.jwt.JwtUtils:Jwt token is invalid : JWT signature does not match locally computed signature. JWT validity cannot be asserted and should not be trusted.
""2024-06-07 22:12:59,412 ERROR [http-nio-8080-exec-6] com.project.security.jwt.JwtUtils:Jwt token is invalid : JWT signature does not match locally computed signature. JWT validity cannot be asserted and should not be trusted.
""2024-06-07 22:13:18,206 ERROR [http-nio-8080-exec-9] com.project.security.jwt.JwtUtils:Jwt token is invalid : JWT strings must contain exactly 2 period characters. Found: 0
""2024-06-07 22:13:40,422 ERROR [http-nio-8080-exec-10] com.project.security.jwt.JwtUtils:Jwt token is invalid : JWT strings must contain exactly 2 period characters. Found: 0
""2024-06-07 22:13:40,423 ERROR [http-nio-8080-exec-10] com.project.security.jwt.JwtUtils:Jwt token is invalid : JWT strings must contain exactly 2 period characters. Found: 0
""2024-06-07 22:14:35,453 INFO  [SpringApplicationShutdownHook] org.springframework.orm.jpa.LocalContainerEntityManagerFactoryBean:Closing JPA EntityManagerFactory for persistence unit 'default'
""2024-06-07 22:14:35,455 INFO  [SpringApplicationShutdownHook] com.zaxxer.hikari.HikariDataSource:HikariPool-1 - Shutdown initiated...
""2024-06-07 22:14:35,458 INFO  [SpringApplicationShutdownHook] com.zaxxer.hikari.HikariDataSource:HikariPool-1 - Shutdown completed.
""2024-06-07 22:14:39,405 INFO  [main] com.project.SchoolManagmentApplication:Starting SchoolManagmentApplication using Java 17.0.9 on Dell with PID 9552 (C:\Users\adikb\IdeaProjects\school-management\target\classes started by adikb in C:\Users\adikb\IdeaProjects\school-management)
""2024-06-07 22:14:39,409 INFO  [main] com.project.SchoolManagmentApplication:No active profile set, falling back to 1 default profile: "default"
""2024-06-07 22:14:40,331 INFO  [main] org.springframework.data.repository.config.RepositoryConfigurationDelegate:Bootstrapping Spring Data JPA repositories in DEFAULT mode.
""2024-06-07 22:14:40,431 INFO  [main] org.springframework.data.repository.config.RepositoryConfigurationDelegate:Finished Spring Data repository scanning in 91 ms. Found 8 JPA repository interfaces.
""2024-06-07 22:14:41,326 INFO  [main] org.springframework.boot.web.embedded.tomcat.TomcatWebServer:Tomcat initialized with port(s): 8080 (http)
""2024-06-07 22:14:41,341 INFO  [main] org.apache.catalina.core.StandardService:Starting service [Tomcat]
""2024-06-07 22:14:41,342 INFO  [main] org.apache.catalina.core.StandardEngine:Starting Servlet engine: [Apache Tomcat/9.0.68]
""2024-06-07 22:14:41,516 INFO  [main] org.apache.catalina.core.ContainerBase.[Tomcat].[localhost].[/]:Initializing Spring embedded WebApplicationContext
""2024-06-07 22:14:41,517 INFO  [main] org.springframework.boot.web.servlet.context.ServletWebServerApplicationContext:Root WebApplicationContext: initialization completed in 2058 ms
""2024-06-07 22:14:41,841 INFO  [main] org.hibernate.jpa.internal.util.LogHelper:HHH000204: Processing PersistenceUnitInfo [name: default]
""2024-06-07 22:14:41,935 INFO  [main] org.hibernate.Version:HHH000412: Hibernate ORM core version 5.6.12.Final
""2024-06-07 22:14:42,205 INFO  [main] org.hibernate.annotations.common.Version:HCANN000001: Hibernate Commons Annotations {5.1.2.Final}
""2024-06-07 22:14:42,335 INFO  [main] com.zaxxer.hikari.HikariDataSource:HikariPool-1 - Starting...
""2024-06-07 22:14:42,543 INFO  [main] com.zaxxer.hikari.HikariDataSource:HikariPool-1 - Start completed.
""2024-06-07 22:14:42,564 INFO  [main] org.hibernate.dialect.Dialect:HHH000400: Using dialect: org.hibernate.dialect.PostgreSQL81Dialect
""2024-06-07 22:14:43,665 INFO  [main] org.hibernate.engine.transaction.jta.platform.internal.JtaPlatformInitiator:HHH000490: Using JtaPlatform implementation: [org.hibernate.engine.transaction.jta.platform.internal.NoJtaPlatform]
""2024-06-07 22:14:43,671 INFO  [main] org.springframework.orm.jpa.LocalContainerEntityManagerFactoryBean:Initialized JPA EntityManagerFactory for persistence unit 'default'
""2024-06-07 22:14:45,349 WARN  [main] org.springframework.boot.autoconfigure.orm.jpa.JpaBaseConfiguration$JpaWebConfiguration:spring.jpa.open-in-view is enabled by default. Therefore, database queries may be performed during view rendering. Explicitly configure spring.jpa.open-in-view to disable this warning
""2024-06-07 22:14:46,327 INFO  [main] org.springframework.security.web.DefaultSecurityFilterChain:Will secure any request with [org.springframework.security.web.session.DisableEncodeUrlFilter@1a99744a, org.springframework.security.web.context.request.async.WebAsyncManagerIntegrationFilter@32084a01, org.springframework.security.web.context.SecurityContextPersistenceFilter@72d7afff, org.springframework.security.web.header.HeaderWriterFilter@67376bae, org.springframework.web.filter.CorsFilter@66d73e2d, org.springframework.security.web.authentication.logout.LogoutFilter@78ab63b5, com.project.security.jwt.AuthTokenFilter@6b3bc1f6, org.springframework.security.web.savedrequest.RequestCacheAwareFilter@7b43f95c, org.springframework.security.web.servletapi.SecurityContextHolderAwareRequestFilter@311453ab, org.springframework.security.web.authentication.AnonymousAuthenticationFilter@2433bcd4, org.springframework.security.web.session.SessionManagementFilter@17c72ffa, org.springframework.security.web.access.ExceptionTranslationFilter@41e76252, org.springframework.security.web.access.intercept.FilterSecurityInterceptor@439d649c]
""2024-06-07 22:14:46,796 INFO  [main] org.springframework.boot.web.embedded.tomcat.TomcatWebServer:Tomcat started on port(s): 8080 (http) with context path ''
""2024-06-07 22:14:46,812 INFO  [main] com.project.SchoolManagmentApplication:Started SchoolManagmentApplication in 7.892 seconds (JVM running for 8.325)
""2024-06-07 22:15:34,018 INFO  [http-nio-8080-exec-1] org.apache.catalina.core.ContainerBase.[Tomcat].[localhost].[/]:Initializing Spring DispatcherServlet 'dispatcherServlet'
""2024-06-07 22:15:34,050 ERROR [http-nio-8080-exec-1] com.project.security.jwt.JwtUtils:Jwt token is invalid : JWT strings must contain exactly 2 period characters. Found: 0
""2024-06-07 22:15:34,056 ERROR [http-nio-8080-exec-1] com.project.security.jwt.JwtUtils:Jwt token is invalid : JWT strings must contain exactly 2 period characters. Found: 0
""2024-06-07 22:17:15,263 ERROR [http-nio-8080-exec-5] com.project.security.jwt.JwtUtils:Jwt token is invalid : JWT strings must contain exactly 2 period characters. Found: 0
""2024-06-07 22:17:15,263 ERROR [http-nio-8080-exec-5] com.project.security.jwt.JwtUtils:Jwt token is invalid : JWT strings must contain exactly 2 period characters. Found: 0
""2024-06-07 22:17:20,946 ERROR [http-nio-8080-exec-6] com.project.security.jwt.JwtUtils:Jwt token is invalid : JWT strings must contain exactly 2 period characters. Found: 0
""2024-06-07 22:17:29,366 ERROR [http-nio-8080-exec-7] com.project.security.jwt.JwtUtils:Jwt token is invalid : JWT strings must contain exactly 2 period characters. Found: 0
""2024-06-07 22:17:29,367 ERROR [http-nio-8080-exec-7] com.project.security.jwt.JwtUtils:Jwt token is invalid : JWT strings must contain exactly 2 period characters. Found: 0
""2024-06-07 22:17:31,937 ERROR [http-nio-8080-exec-8] com.project.security.jwt.JwtUtils:Jwt token is invalid : JWT strings must contain exactly 2 period characters. Found: 0
""2024-06-07 22:17:31,937 ERROR [http-nio-8080-exec-8] com.project.security.jwt.JwtUtils:Jwt token is invalid : JWT strings must contain exactly 2 period characters. Found: 0
""2024-06-07 22:18:13,782 ERROR [http-nio-8080-exec-9] com.project.security.jwt.JwtUtils:Jwt token is invalid : JWT strings must contain exactly 2 period characters. Found: 0
""2024-06-07 22:18:13,783 ERROR [http-nio-8080-exec-9] com.project.security.jwt.JwtUtils:Jwt token is invalid : JWT strings must contain exactly 2 period characters. Found: 0
""2024-06-07 22:18:41,407 ERROR [http-nio-8080-exec-10] com.project.security.jwt.JwtUtils:Jwt token is invalid : JWT strings must contain exactly 2 period characters. Found: 0
""2024-06-07 22:18:41,407 ERROR [http-nio-8080-exec-10] com.project.security.jwt.JwtUtils:Jwt token is invalid : JWT strings must contain exactly 2 period characters. Found: 0
""2024-06-07 22:18:47,752 INFO  [SpringApplicationShutdownHook] org.springframework.orm.jpa.LocalContainerEntityManagerFactoryBean:Closing JPA EntityManagerFactory for persistence unit 'default'
""2024-06-07 22:18:47,754 INFO  [SpringApplicationShutdownHook] com.zaxxer.hikari.HikariDataSource:HikariPool-1 - Shutdown initiated...
""2024-06-07 22:18:47,756 INFO  [SpringApplicationShutdownHook] com.zaxxer.hikari.HikariDataSource:HikariPool-1 - Shutdown completed.
""2024-06-07 22:19:24,580 INFO  [main] com.project.SchoolManagmentApplication:Starting SchoolManagmentApplication using Java 17.0.9 on Dell with PID 14696 (C:\Users\adikb\IdeaProjects\school-management\target\classes started by adikb in C:\Users\adikb\IdeaProjects\school-management)
""2024-06-07 22:19:24,584 INFO  [main] com.project.SchoolManagmentApplication:No active profile set, falling back to 1 default profile: "default"
""2024-06-07 22:19:25,528 INFO  [main] org.springframework.data.repository.config.RepositoryConfigurationDelegate:Bootstrapping Spring Data JPA repositories in DEFAULT mode.
""2024-06-07 22:19:25,630 INFO  [main] org.springframework.data.repository.config.RepositoryConfigurationDelegate:Finished Spring Data repository scanning in 94 ms. Found 8 JPA repository interfaces.
""2024-06-07 22:19:26,579 INFO  [main] org.springframework.boot.web.embedded.tomcat.TomcatWebServer:Tomcat initialized with port(s): 8080 (http)
""2024-06-07 22:19:26,600 INFO  [main] org.apache.catalina.core.StandardService:Starting service [Tomcat]
""2024-06-07 22:19:26,601 INFO  [main] org.apache.catalina.core.StandardEngine:Starting Servlet engine: [Apache Tomcat/9.0.68]
""2024-06-07 22:19:26,783 INFO  [main] org.apache.catalina.core.ContainerBase.[Tomcat].[localhost].[/]:Initializing Spring embedded WebApplicationContext
""2024-06-07 22:19:26,785 INFO  [main] org.springframework.boot.web.servlet.context.ServletWebServerApplicationContext:Root WebApplicationContext: initialization completed in 2155 ms
""2024-06-07 22:19:27,107 INFO  [main] org.hibernate.jpa.internal.util.LogHelper:HHH000204: Processing PersistenceUnitInfo [name: default]
""2024-06-07 22:19:27,191 INFO  [main] org.hibernate.Version:HHH000412: Hibernate ORM core version 5.6.12.Final
""2024-06-07 22:19:27,454 INFO  [main] org.hibernate.annotations.common.Version:HCANN000001: Hibernate Commons Annotations {5.1.2.Final}
""2024-06-07 22:19:27,647 INFO  [main] com.zaxxer.hikari.HikariDataSource:HikariPool-1 - Starting...
""2024-06-07 22:19:27,878 INFO  [main] com.zaxxer.hikari.HikariDataSource:HikariPool-1 - Start completed.
""2024-06-07 22:19:27,903 INFO  [main] org.hibernate.dialect.Dialect:HHH000400: Using dialect: org.hibernate.dialect.PostgreSQL81Dialect
""2024-06-07 22:19:29,099 INFO  [main] org.hibernate.engine.transaction.jta.platform.internal.JtaPlatformInitiator:HHH000490: Using JtaPlatform implementation: [org.hibernate.engine.transaction.jta.platform.internal.NoJtaPlatform]
""2024-06-07 22:19:29,107 INFO  [main] org.springframework.orm.jpa.LocalContainerEntityManagerFactoryBean:Initialized JPA EntityManagerFactory for persistence unit 'default'
""2024-06-07 22:19:30,723 WARN  [main] org.springframework.boot.autoconfigure.orm.jpa.JpaBaseConfiguration$JpaWebConfiguration:spring.jpa.open-in-view is enabled by default. Therefore, database queries may be performed during view rendering. Explicitly configure spring.jpa.open-in-view to disable this warning
""2024-06-07 22:19:31,721 INFO  [main] org.springframework.security.web.DefaultSecurityFilterChain:Will secure any request with [org.springframework.security.web.session.DisableEncodeUrlFilter@69e736bf, org.springframework.security.web.context.request.async.WebAsyncManagerIntegrationFilter@6b60d99c, org.springframework.security.web.context.SecurityContextPersistenceFilter@5c261c74, org.springframework.security.web.header.HeaderWriterFilter@5c41f6a0, org.springframework.web.filter.CorsFilter@543a7605, org.springframework.security.web.authentication.logout.LogoutFilter@68a97fc1, com.project.security.jwt.AuthTokenFilter@4d71ec5b, org.springframework.security.web.savedrequest.RequestCacheAwareFilter@41f61188, org.springframework.security.web.servletapi.SecurityContextHolderAwareRequestFilter@d7c4fcb, org.springframework.security.web.authentication.AnonymousAuthenticationFilter@33997e07, org.springframework.security.web.session.SessionManagementFilter@7668f8fd, org.springframework.security.web.access.ExceptionTranslationFilter@2e1c8027, org.springframework.security.web.access.intercept.FilterSecurityInterceptor@533a27f8]
""2024-06-07 22:19:32,180 INFO  [main] org.springframework.boot.web.embedded.tomcat.TomcatWebServer:Tomcat started on port(s): 8080 (http) with context path ''
""2024-06-07 22:19:32,198 INFO  [main] com.project.SchoolManagmentApplication:Started SchoolManagmentApplication in 8.114 seconds (JVM running for 8.549)
""2024-06-07 22:19:46,056 INFO  [http-nio-8080-exec-2] org.apache.catalina.core.ContainerBase.[Tomcat].[localhost].[/]:Initializing Spring DispatcherServlet 'dispatcherServlet'
""2024-06-07 22:19:46,083 ERROR [http-nio-8080-exec-2] com.project.security.jwt.JwtUtils:Jwt token is invalid : JWT strings must contain exactly 2 period characters. Found: 0
""2024-06-07 22:19:46,088 ERROR [http-nio-8080-exec-2] com.project.security.jwt.JwtUtils:Jwt token is invalid : JWT strings must contain exactly 2 period characters. Found: 0
""2024-06-07 22:21:36,565 INFO  [SpringApplicationShutdownHook] org.springframework.orm.jpa.LocalContainerEntityManagerFactoryBean:Closing JPA EntityManagerFactory for persistence unit 'default'
""2024-06-07 22:21:36,568 INFO  [SpringApplicationShutdownHook] com.zaxxer.hikari.HikariDataSource:HikariPool-1 - Shutdown initiated...
""2024-06-07 22:21:36,570 INFO  [SpringApplicationShutdownHook] com.zaxxer.hikari.HikariDataSource:HikariPool-1 - Shutdown completed.
""2024-06-07 22:23:53,044 INFO  [main] com.project.SchoolManagmentApplication:Starting SchoolManagmentApplication using Java 17.0.9 on Dell with PID 11772 (C:\Users\adikb\IdeaProjects\school-management\target\classes started by adikb in C:\Users\adikb\IdeaProjects\school-management)
""2024-06-07 22:23:53,047 INFO  [main] com.project.SchoolManagmentApplication:No active profile set, falling back to 1 default profile: "default"
""2024-06-07 22:23:53,850 INFO  [main] org.springframework.data.repository.config.RepositoryConfigurationDelegate:Bootstrapping Spring Data JPA repositories in DEFAULT mode.
""2024-06-07 22:23:53,939 INFO  [main] org.springframework.data.repository.config.RepositoryConfigurationDelegate:Finished Spring Data repository scanning in 83 ms. Found 8 JPA repository interfaces.
""2024-06-07 22:23:54,730 INFO  [main] org.springframework.boot.web.embedded.tomcat.TomcatWebServer:Tomcat initialized with port(s): 8080 (http)
""2024-06-07 22:23:54,748 INFO  [main] org.apache.catalina.core.StandardService:Starting service [Tomcat]
""2024-06-07 22:23:54,749 INFO  [main] org.apache.catalina.core.StandardEngine:Starting Servlet engine: [Apache Tomcat/9.0.68]
""2024-06-07 22:23:54,900 INFO  [main] org.apache.catalina.core.ContainerBase.[Tomcat].[localhost].[/]:Initializing Spring embedded WebApplicationContext
""2024-06-07 22:23:54,901 INFO  [main] org.springframework.boot.web.servlet.context.ServletWebServerApplicationContext:Root WebApplicationContext: initialization completed in 1809 ms
""2024-06-07 22:23:55,177 INFO  [main] org.hibernate.jpa.internal.util.LogHelper:HHH000204: Processing PersistenceUnitInfo [name: default]
""2024-06-07 22:23:55,281 INFO  [main] org.hibernate.Version:HHH000412: Hibernate ORM core version 5.6.12.Final
""2024-06-07 22:23:55,503 INFO  [main] org.hibernate.annotations.common.Version:HCANN000001: Hibernate Commons Annotations {5.1.2.Final}
""2024-06-07 22:23:55,605 INFO  [main] com.zaxxer.hikari.HikariDataSource:HikariPool-1 - Starting...
""2024-06-07 22:23:55,860 INFO  [main] com.zaxxer.hikari.HikariDataSource:HikariPool-1 - Start completed.
""2024-06-07 22:23:55,875 INFO  [main] org.hibernate.dialect.Dialect:HHH000400: Using dialect: org.hibernate.dialect.PostgreSQL81Dialect
""2024-06-07 22:23:56,824 INFO  [main] org.hibernate.engine.transaction.jta.platform.internal.JtaPlatformInitiator:HHH000490: Using JtaPlatform implementation: [org.hibernate.engine.transaction.jta.platform.internal.NoJtaPlatform]
""2024-06-07 22:23:56,830 INFO  [main] org.springframework.orm.jpa.LocalContainerEntityManagerFactoryBean:Initialized JPA EntityManagerFactory for persistence unit 'default'
""2024-06-07 22:23:58,279 WARN  [main] org.springframework.boot.autoconfigure.orm.jpa.JpaBaseConfiguration$JpaWebConfiguration:spring.jpa.open-in-view is enabled by default. Therefore, database queries may be performed during view rendering. Explicitly configure spring.jpa.open-in-view to disable this warning
""2024-06-07 22:23:59,110 INFO  [main] org.springframework.security.web.DefaultSecurityFilterChain:Will secure any request with [org.springframework.security.web.session.DisableEncodeUrlFilter@1e487d57, org.springframework.security.web.context.request.async.WebAsyncManagerIntegrationFilter@4b2af0eb, org.springframework.security.web.context.SecurityContextPersistenceFilter@2dd4a7a9, org.springframework.security.web.header.HeaderWriterFilter@7a74672, org.springframework.web.filter.CorsFilter@66c32e15, org.springframework.security.web.authentication.logout.LogoutFilter@3b399f5a, com.project.security.jwt.AuthTokenFilter@7957aa57, org.springframework.security.web.savedrequest.RequestCacheAwareFilter@5a23b9d1, org.springframework.security.web.servletapi.SecurityContextHolderAwareRequestFilter@3962b216, org.springframework.security.web.authentication.AnonymousAuthenticationFilter@6d387e9b, org.springframework.security.web.session.SessionManagementFilter@7b43f95c, org.springframework.security.web.access.ExceptionTranslationFilter@6bb71265, org.springframework.security.web.access.intercept.FilterSecurityInterceptor@1f7949dc]
""2024-06-07 22:23:59,513 INFO  [main] org.springframework.boot.web.embedded.tomcat.TomcatWebServer:Tomcat started on port(s): 8080 (http) with context path ''
""2024-06-07 22:23:59,527 INFO  [main] com.project.SchoolManagmentApplication:Started SchoolManagmentApplication in 6.912 seconds (JVM running for 7.286)
""2024-06-07 22:25:17,331 INFO  [http-nio-8080-exec-2] org.apache.catalina.core.ContainerBase.[Tomcat].[localhost].[/]:Initializing Spring DispatcherServlet 'dispatcherServlet'
""2024-06-07 22:25:17,362 ERROR [http-nio-8080-exec-2] com.project.security.jwt.JwtUtils:Jwt token is invalid : JWT strings must contain exactly 2 period characters. Found: 0
""2024-06-07 22:25:17,367 ERROR [http-nio-8080-exec-2] com.project.security.jwt.JwtUtils:Jwt token is invalid : JWT strings must contain exactly 2 period characters. Found: 0
""2024-06-07 22:44:49,973 ERROR [http-nio-8080-exec-8] com.project.security.jwt.JwtUtils:Jwt token is invalid : JWT strings must contain exactly 2 period characters. Found: 0
""2024-06-07 22:44:49,974 ERROR [http-nio-8080-exec-8] com.project.security.jwt.JwtUtils:Jwt token is invalid : JWT strings must contain exactly 2 period characters. Found: 0
""2024-06-07 22:50:41,186 INFO  [SpringApplicationShutdownHook] org.springframework.orm.jpa.LocalContainerEntityManagerFactoryBean:Closing JPA EntityManagerFactory for persistence unit 'default'
""2024-06-07 22:50:41,189 INFO  [SpringApplicationShutdownHook] com.zaxxer.hikari.HikariDataSource:HikariPool-1 - Shutdown initiated...
""2024-06-07 22:50:41,193 INFO  [SpringApplicationShutdownHook] com.zaxxer.hikari.HikariDataSource:HikariPool-1 - Shutdown completed.
""2024-06-07 22:51:27,215 INFO  [main] com.project.SchoolManagmentApplication:Starting SchoolManagmentApplication using Java 17.0.9 on Dell with PID 23460 (C:\Users\adikb\IdeaProjects\school-management\target\classes started by adikb in C:\Users\adikb\IdeaProjects\school-management)
""2024-06-07 22:51:27,219 INFO  [main] com.project.SchoolManagmentApplication:No active profile set, falling back to 1 default profile: "default"
""2024-06-07 22:51:28,205 INFO  [main] org.springframework.data.repository.config.RepositoryConfigurationDelegate:Bootstrapping Spring Data JPA repositories in DEFAULT mode.
""2024-06-07 22:51:28,304 INFO  [main] org.springframework.data.repository.config.RepositoryConfigurationDelegate:Finished Spring Data repository scanning in 89 ms. Found 8 JPA repository interfaces.
""2024-06-07 22:51:29,245 INFO  [main] org.springframework.boot.web.embedded.tomcat.TomcatWebServer:Tomcat initialized with port(s): 8080 (http)
""2024-06-07 22:51:29,267 INFO  [main] org.apache.catalina.core.StandardService:Starting service [Tomcat]
""2024-06-07 22:51:29,270 INFO  [main] org.apache.catalina.core.StandardEngine:Starting Servlet engine: [Apache Tomcat/9.0.68]
""2024-06-07 22:51:29,452 INFO  [main] org.apache.catalina.core.ContainerBase.[Tomcat].[localhost].[/]:Initializing Spring embedded WebApplicationContext
""2024-06-07 22:51:29,453 INFO  [main] org.springframework.boot.web.servlet.context.ServletWebServerApplicationContext:Root WebApplicationContext: initialization completed in 2190 ms
""2024-06-07 22:51:29,774 INFO  [main] org.hibernate.jpa.internal.util.LogHelper:HHH000204: Processing PersistenceUnitInfo [name: default]
""2024-06-07 22:51:29,852 INFO  [main] org.hibernate.Version:HHH000412: Hibernate ORM core version 5.6.12.Final
""2024-06-07 22:51:30,104 INFO  [main] org.hibernate.annotations.common.Version:HCANN000001: Hibernate Commons Annotations {5.1.2.Final}
""2024-06-07 22:51:30,230 INFO  [main] com.zaxxer.hikari.HikariDataSource:HikariPool-1 - Starting...
""2024-06-07 22:51:30,523 INFO  [main] com.zaxxer.hikari.HikariDataSource:HikariPool-1 - Start completed.
""2024-06-07 22:51:30,538 INFO  [main] org.hibernate.dialect.Dialect:HHH000400: Using dialect: org.hibernate.dialect.PostgreSQL81Dialect
""2024-06-07 22:51:31,650 INFO  [main] org.hibernate.engine.transaction.jta.platform.internal.JtaPlatformInitiator:HHH000490: Using JtaPlatform implementation: [org.hibernate.engine.transaction.jta.platform.internal.NoJtaPlatform]
""2024-06-07 22:51:31,659 INFO  [main] org.springframework.orm.jpa.LocalContainerEntityManagerFactoryBean:Initialized JPA EntityManagerFactory for persistence unit 'default'
""2024-06-07 22:51:33,351 WARN  [main] org.springframework.boot.autoconfigure.orm.jpa.JpaBaseConfiguration$JpaWebConfiguration:spring.jpa.open-in-view is enabled by default. Therefore, database queries may be performed during view rendering. Explicitly configure spring.jpa.open-in-view to disable this warning
""2024-06-07 22:51:34,330 INFO  [main] org.springframework.security.web.DefaultSecurityFilterChain:Will secure any request with [org.springframework.security.web.session.DisableEncodeUrlFilter@7205a8b7, org.springframework.security.web.context.request.async.WebAsyncManagerIntegrationFilter@1ee126de, org.springframework.security.web.context.SecurityContextPersistenceFilter@7ab2e018, org.springframework.security.web.header.HeaderWriterFilter@7668f8fd, org.springframework.web.filter.CorsFilter@22cce199, org.springframework.security.web.authentication.logout.LogoutFilter@65f3f9e2, com.project.security.jwt.AuthTokenFilter@4d71ec5b, org.springframework.security.web.savedrequest.RequestCacheAwareFilter@468eff41, org.springframework.security.web.servletapi.SecurityContextHolderAwareRequestFilter@1574f323, org.springframework.security.web.authentication.AnonymousAuthenticationFilter@14b4b25e, org.springframework.security.web.session.SessionManagementFilter@7eb94590, org.springframework.security.web.access.ExceptionTranslationFilter@7602c65d, org.springframework.security.web.access.intercept.FilterSecurityInterceptor@24890021]
""2024-06-07 22:51:34,802 INFO  [main] org.springframework.boot.web.embedded.tomcat.TomcatWebServer:Tomcat started on port(s): 8080 (http) with context path ''
""2024-06-07 22:51:34,819 INFO  [main] com.project.SchoolManagmentApplication:Started SchoolManagmentApplication in 8.05 seconds (JVM running for 8.417)
""2024-06-07 22:51:41,832 INFO  [http-nio-8080-exec-2] org.apache.catalina.core.ContainerBase.[Tomcat].[localhost].[/]:Initializing Spring DispatcherServlet 'dispatcherServlet'
""2024-06-07 22:51:41,866 ERROR [http-nio-8080-exec-2] com.project.security.jwt.JwtUtils:Jwt token is invalid : JWT strings must contain exactly 2 period characters. Found: 0
""2024-06-07 22:51:41,872 ERROR [http-nio-8080-exec-2] com.project.security.jwt.JwtUtils:Jwt token is invalid : JWT strings must contain exactly 2 period characters. Found: 0
""2024-06-07 22:53:40,535 ERROR [http-nio-8080-exec-9] com.project.security.jwt.JwtUtils:Jwt token is invalid : JWT signature does not match locally computed signature. JWT validity cannot be asserted and should not be trusted.
""2024-06-07 23:29:04,427 INFO  [SpringApplicationShutdownHook] org.springframework.orm.jpa.LocalContainerEntityManagerFactoryBean:Closing JPA EntityManagerFactory for persistence unit 'default'
""2024-06-07 23:29:04,432 INFO  [SpringApplicationShutdownHook] com.zaxxer.hikari.HikariDataSource:HikariPool-1 - Shutdown initiated...
""2024-06-07 23:29:04,437 INFO  [SpringApplicationShutdownHook] com.zaxxer.hikari.HikariDataSource:HikariPool-1 - Shutdown completed.
"